Apr 17 16:10:11 host=smtp.gmail.com tls=on auth=on user=petrus.zy.07@gmail.com from=petrus.zy.07@gmail.com recipients=silencly07@gmail.com errormsg='the server sent an empty reply' exitcode=EX_PROTOCOL
Apr 17 16:14:26 host=smtp.yandex.com tls=on auth=on user=gitea@codeplayer.org from=gitea@codeplayer.org recipients=watchtower@codeplayer.org errormsg='the server sent an empty reply' exitcode=EX_PROTOCOL
Apr 17 16:24:30 host=smtp.yandex.com tls=on auth=on user=gitea@codeplayer.org from=gitea@codeplayer.org recipients=watchtower@codeplayer.org mailsize=282 smtpstatus=250 smtpmsg='250 2.0.0 Ok: queued on vla5-445dc1c4c112.qloud-c.yandex.net as 1587111869-JUXmbT9Zah-OS2qrktQ' exitcode=EX_OK
Apr 17 16:28:13 host=smtp.yandex.com tls=on auth=on user=watchtower@codeplayer.org from=watchtower@codeplayer.org recipients=watchtower@codeplayer.org errormsg='the server sent an empty reply' exitcode=EX_PROTOCOL
Apr 17 16:54:38 host=smtp.gmail.com tls=on auth=on user=petrus.zy.07@gmail.com from=petrus.zy.07@gmail.com recipients=silencly07@gmail.com errormsg='the server sent an empty reply' exitcode=EX_PROTOCOL
Apr 17 16:54:47 host=smtp.gmail.com tls=on auth=on user=petrus.zy.07@gmail.com from=petrus.zy.07@gmail.com recipients=silencly07@gmail.com errormsg='the server sent an empty reply' exitcode=EX_PROTOCOL
Apr 17 16:54:49 host=smtp.gmail.com tls=on auth=on user=petrus.zy.07@gmail.com from=petrus.zy.07@gmail.com recipients=silencly07@gmail.com errormsg='the server sent an empty reply' exitcode=EX_PROTOCOL
Apr 17 16:54:50 host=smtp.gmail.com tls=on auth=on user=petrus.zy.07@gmail.com from=petrus.zy.07@gmail.com recipients=silencly07@gmail.com errormsg='the server sent an empty reply' exitcode=EX_PROTOCOL
Apr 17 16:54:51 host=smtp.gmail.com tls=on auth=on user=petrus.zy.07@gmail.com from=petrus.zy.07@gmail.com recipients=silencly07@gmail.com errormsg='the server sent an empty reply' exitcode=EX_PROTOCOL
Apr 17 16:54:52 host=smtp.gmail.com tls=on auth=on user=petrus.zy.07@gmail.com from=petrus.zy.07@gmail.com recipients=silencly07@gmail.com errormsg='the server sent an empty reply' exitcode=EX_PROTOCOL
Apr 17 16:54:54 host=smtp.gmail.com tls=on auth=on user=petrus.zy.07@gmail.com from=petrus.zy.07@gmail.com recipients=silencly07@gmail.com errormsg='the server sent an empty reply' exitcode=EX_PROTOCOL
Apr 17 16:54:55 host=smtp.gmail.com tls=on auth=on user=petrus.zy.07@gmail.com from=petrus.zy.07@gmail.com recipients=silencly07@gmail.com errormsg='the server sent an empty reply' exitcode=EX_PROTOCOL
Apr 17 16:54:57 host=smtp.gmail.com tls=on auth=on user=petrus.zy.07@gmail.com from=petrus.zy.07@gmail.com recipients=silencly07@gmail.com errormsg='the server sent an empty reply' exitcode=EX_PROTOCOL
Apr 17 16:54:58 host=smtp.gmail.com tls=on auth=on user=petrus.zy.07@gmail.com from=petrus.zy.07@gmail.com recipients=silencly07@gmail.com errormsg='the server sent an empty reply' exitcode=EX_PROTOCOL
Apr 17 17:04:50 host=smtp.gmail.com tls=on auth=on user=petrus.zy.07@gmail.com from=petrus.zy.07@gmail.com recipients=silencly07@gmail.com errormsg='the server sent an empty reply' exitcode=EX_PROTOCOL
Apr 17 17:11:32 host=smtp.gmail.com tls=on auth=on user=petrus.zy.07@gmail.com from=petrus.zy.07@gmail.com recipients=silencly07@gmail.com errormsg='the server sent an empty reply' exitcode=EX_PROTOCOL
Apr 17 17:11:39 host=smtp.gmail.com tls=on auth=on user=petrus.zy.07@gmail.com from=petrus.zy.07@gmail.com recipients=silencly07@gmail.com errormsg='the server sent an empty reply' exitcode=EX_PROTOCOL
Apr 17 17:28:28 host=smtp.gmail.com tls=on auth=on user=petrus.zy.07@gmail.com from=petrus.zy.07@gmail.com recipients=silencly07@gmail.com errormsg='the server sent an empty reply' exitcode=EX_PROTOCOL
Apr 17 17:28:56 host=smtp.yandex.com tls=on auth=on user=gitea@codeplayer.org from=gitea@codeplayer.org recipients=watchtower@codeplayer.org mailsize=76 smtpstatus=250 smtpmsg='250 2.0.0 Ok: queued on sas2-b157fac3b6f2.qloud-c.yandex.net as 1587115735-qSH4HXBlYV-Sr28keCP' exitcode=EX_OK
Apr 17 17:33:21 host=smtp.gmail.com tls=on auth=on user=petrus.zy.07@gmail.com from=petrus.zy.07@gmail.com recipients=silencly07@gmail.com errormsg='the server sent an empty reply' exitcode=EX_PROTOCOL
Apr 17 17:33:24 host=smtp.gmail.com tls=on auth=on user=petrus.zy.07@gmail.com from=petrus.zy.07@gmail.com recipients=silencly07@gmail.com errormsg='the server sent an empty reply' exitcode=EX_PROTOCOL
Apr 17 17:35:30 host=smtp.gmail.com tls=on auth=on user=petrus.zy.07@gmail.com from=petrus.zy.07@gmail.com recipients=silencly07@gmail.com mailsize=78 smtpstatus=250 smtpmsg='250 2.0.0 OK  1587116130 67sm18695094pfe.168 - gsmtp' exitcode=EX_OK
Apr 17 17:45:47 host=smtp.gmail.com tls=on auth=on user=petrus.zy.07@gmail.com from=petrus.zy.07@gmail.com recipients=silencly07@gmail.com errormsg='the server sent an empty reply' exitcode=EX_PROTOCOL
Apr 17 17:45:51 host=smtp.gmail.com tls=on auth=on user=petrus.zy.07@gmail.com from=petrus.zy.07@gmail.com recipients=silencly07@gmail.com errormsg='the server sent an empty reply' exitcode=EX_PROTOCOL
Apr 17 17:45:53 host=smtp.gmail.com tls=on auth=on user=petrus.zy.07@gmail.com from=petrus.zy.07@gmail.com recipients=silencly07@gmail.com errormsg='the server sent an empty reply' exitcode=EX_PROTOCOL
Apr 17 18:00:48 host=smtp.gmail.com tls=on auth=on user=petrus.zy.07@gmail.com from=petrus.zy.07@gmail.com recipients=silencly07@gmail.com mailsize=79 smtpstatus=250 smtpmsg='250 2.0.0 OK  1587117648 n23sm5031022pjq.18 - gsmtp' exitcode=EX_OK
Apr 18 22:14:04 host=smtp.gmail.com tls=on auth=on user=petrus.zy.07@gmail.com from=petrus.zy.07@gmail.com recipients=silencly07@gmail.com errormsg='cannot connect to smtp.gmail.com, port 587: Connection timed out' exitcode=EX_TEMPFAIL
Apr 18 22:18:26 host=smtp.gmail.com tls=on auth=on user=petrus.zy.07@gmail.com from=petrus.zy.07@gmail.com recipients=silencly07@gmail.com errormsg='cannot connect to smtp.gmail.com, port 587: Connection timed out' exitcode=EX_TEMPFAIL
Apr 18 22:18:54 host=smtp.gmail.com tls=on auth=on user=petrus.zy.07@gmail.com from=petrus.zy.07@gmail.com recipients=silencly07@gmail.com mailsize=308 smtpstatus=250 smtpmsg='250 2.0.0 OK  1587219533 x13sm517496pgh.63 - gsmtp' exitcode=EX_OK
